<?xml version="1.0" encoding="UTF-8"?>
<testsuite name="de.hska.vslab.EurekaServerApplicationTests" tests="1" skipped="0" failures="0" errors="0" timestamp="2016-06-02T15:04:30" hostname="WDFM33794755A" time="0.001">
  <properties/>
  <testcase name="contextLoads" classname="de.hska.vslab.EurekaServerApplicationTests" time="0.001"/>
  <system-out><![CDATA[17:04:27.713 [Test worker] DEBUG org.springframework.test.context.junit4.SpringJUnit4ClassRunner - SpringJUnit4ClassRunner constructor called with [class de.hska.vslab.EurekaServerApplicationTests]
17:04:27.717 [Test worker] DEBUG org.springframework.test.context.BootstrapUtils - Instantiating CacheAwareContextLoaderDelegate from class [org.springframework.test.context.cache.DefaultCacheAwareContextLoaderDelegate]
17:04:27.723 [Test worker] DEBUG org.springframework.test.context.BootstrapUtils - Instantiating BootstrapContext using constructor [public org.springframework.test.context.support.DefaultBootstrapContext(java.lang.Class,org.springframework.test.context.CacheAwareContextLoaderDelegate)]
17:04:27.737 [Test worker] DEBUG org.springframework.test.context.BootstrapUtils - Instantiating TestContextBootstrapper for test class [de.hska.vslab.EurekaServerApplicationTests] from class [org.springframework.test.context.support.DefaultTestContextBootstrapper]
17:04:27.758 [Test worker] DEBUG org.springframework.test.context.support.DefaultTestContextBootstrapper - Found explicit ContextLoader class [org.springframework.boot.test.SpringApplicationContextLoader] for context configuration attributes [ContextConfigurationAttributes@36a9a772 declaringClass = 'de.hska.vslab.EurekaServerApplicationTests', classes = '{class de.hska.vslab.EurekaServerApplication}', locations = '{}', inheritLocations = true, initializers = '{}', inheritInitializers = true, name = [null], contextLoaderClass = 'org.springframework.boot.test.SpringApplicationContextLoader']
17:04:27.765 [Test worker] DEBUG org.springframework.test.context.support.AbstractContextLoader - Did not detect default resource location for test class [de.hska.vslab.EurekaServerApplicationTests]: class path resource [de/hska/vslab/EurekaServerApplicationTests-context.xml] does not exist
17:04:27.766 [Test worker] DEBUG org.springframework.test.context.support.AbstractContextLoader - Did not detect default resource location for test class [de.hska.vslab.EurekaServerApplicationTests]: class path resource [de/hska/vslab/EurekaServerApplicationTestsContext.groovy] does not exist
17:04:27.766 [Test worker] INFO org.springframework.test.context.support.AbstractContextLoader - Could not detect default resource locations for test class [de.hska.vslab.EurekaServerApplicationTests]: no resource found for suffixes {-context.xml, Context.groovy}.
17:04:27.767 [Test worker] DEBUG org.springframework.test.context.support.ActiveProfilesUtils - Could not find an 'annotation declaring class' for annotation type [org.springframework.test.context.ActiveProfiles] and class [de.hska.vslab.EurekaServerApplicationTests]
17:04:27.773 [Test worker] DEBUG org.springframework.test.context.support.DefaultTestContextBootstrapper - @TestExecutionListeners is not present for class [de.hska.vslab.EurekaServerApplicationTests]: using defaults.
17:04:27.784 [Test worker] INFO org.springframework.test.context.support.DefaultTestContextBootstrapper - Loaded default TestExecutionListener class names from location [META-INF/spring.factories]: [org.springframework.test.context.web.ServletTestExecutionListener, org.springframework.test.context.support.DirtiesContextBeforeModesTestExecutionListener, org.springframework.test.context.support.DependencyInjectionTestExecutionListener, org.springframework.test.context.support.DirtiesContextTestExecutionListener, org.springframework.test.context.transaction.TransactionalTestExecutionListener, org.springframework.test.context.jdbc.SqlScriptsTestExecutionListener]
17:04:27.795 [Test worker] INFO org.springframework.test.context.support.DefaultTestContextBootstrapper - Could not instantiate TestExecutionListener [org.springframework.test.context.jdbc.SqlScriptsTestExecutionListener]. Specify custom listener classes or make the default listener classes (and their required dependencies) available. Offending class: [org/springframework/transaction/interceptor/TransactionAttribute]
17:04:27.797 [Test worker] INFO org.springframework.test.context.support.DefaultTestContextBootstrapper - Could not instantiate TestExecutionListener [org.springframework.test.context.transaction.TransactionalTestExecutionListener]. Specify custom listener classes or make the default listener classes (and their required dependencies) available. Offending class: [org/springframework/transaction/interceptor/TransactionAttributeSource]
17:04:27.799 [Test worker] INFO org.springframework.test.context.support.DefaultTestContextBootstrapper - Using TestExecutionListeners: [org.springframework.test.context.web.ServletTestExecutionListener@1a1e9da8, org.springframework.test.context.support.DirtiesContextBeforeModesTestExecutionListener@6f4fa841, org.springframework.test.context.support.DependencyInjectionTestExecutionListener@7681f799, org.springframework.test.context.support.DirtiesContextTestExecutionListener@8e000b2]
17:04:27.802 [Test worker] DEBUG org.springframework.test.annotation.ProfileValueUtils - Retrieved @ProfileValueSourceConfiguration [null] for test class [de.hska.vslab.EurekaServerApplicationTests]
17:04:27.803 [Test worker] DEBUG org.springframework.test.annotation.ProfileValueUtils - Retrieved ProfileValueSource type [class org.springframework.test.annotation.SystemProfileValueSource] for class [de.hska.vslab.EurekaServerApplicationTests]
17:04:27.804 [Test worker] DEBUG org.springframework.test.annotation.ProfileValueUtils - Retrieved @ProfileValueSourceConfiguration [null] for test class [de.hska.vslab.EurekaServerApplicationTests]
17:04:27.805 [Test worker] DEBUG org.springframework.test.annotation.ProfileValueUtils - Retrieved ProfileValueSource type [class org.springframework.test.annotation.SystemProfileValueSource] for class [de.hska.vslab.EurekaServerApplicationTests]
17:04:27.811 [Test worker] DEBUG org.springframework.test.context.support.AbstractDirtiesContextTestExecutionListener - Before test class: context [DefaultTestContext@3f6bdc66 testClass = EurekaServerApplicationTests, testInstance = [null], testMethod = [null], testException = [null], mergedContextConfiguration = [MergedContextConfiguration@708f96d testClass = EurekaServerApplicationTests, locations = '{}', classes = '{class de.hska.vslab.EurekaServerApplication}', contextInitializerClasses = '[]', activeProfiles = '{}', propertySourceLocations = '{}', propertySourceProperties = '{}', contextLoader = 'org.springframework.boot.test.SpringApplicationContextLoader', parent = [null]]], class annotated with @DirtiesContext [false] with mode [null].
17:04:27.812 [Test worker] DEBUG org.springframework.test.annotation.ProfileValueUtils - Retrieved @ProfileValueSourceConfiguration [null] for test class [de.hska.vslab.EurekaServerApplicationTests]
17:04:27.812 [Test worker] DEBUG org.springframework.test.annotation.ProfileValueUtils - Retrieved ProfileValueSource type [class org.springframework.test.annotation.SystemProfileValueSource] for class [de.hska.vslab.EurekaServerApplicationTests]
17:04:27.814 [Test worker] DEBUG org.springframework.test.context.support.DependencyInjectionTestExecutionListener - Performing dependency injection for test context [[DefaultTestContext@3f6bdc66 testClass = EurekaServerApplicationTests, testInstance = de.hska.vslab.EurekaServerApplicationTests@26d7b447, testMethod = [null], testException = [null], mergedContextConfiguration = [MergedContextConfiguration@708f96d testClass = EurekaServerApplicationTests, locations = '{}', classes = '{class de.hska.vslab.EurekaServerApplication}', contextInitializerClasses = '[]', activeProfiles = '{}', propertySourceLocations = '{}', propertySourceProperties = '{}', contextLoader = 'org.springframework.boot.test.SpringApplicationContextLoader', parent = [null]]]].
17:04:27.901 [Test worker] DEBUG org.springframework.core.env.StandardEnvironment - Adding [systemProperties] PropertySource with lowest search precedence
17:04:27.903 [Test worker] DEBUG org.springframework.core.env.StandardEnvironment - Adding [systemEnvironment] PropertySource with lowest search precedence
17:04:27.904 [Test worker] DEBUG org.springframework.core.env.StandardEnvironment - Initialized StandardEnvironment with PropertySources [systemProperties,systemEnvironment]
17:04:27.907 [Test worker] DEBUG org.springframework.core.env.StandardEnvironment - Adding [integrationTest] PropertySource with search precedence immediately lower than [systemEnvironment]
2016-06-02 17:04:28.287  INFO 44112 --- [    Test worker] s.c.a.AnnotationConfigApplicationContext : Refreshing org.springframework.context.annotation.AnnotationConfigApplicationContext@7506d725: startup date [Thu Jun 02 17:04:28 CEST 2016]; root of context hierarchy
2016-06-02 17:04:28.474  INFO 44112 --- [    Test worker] f.a.AutowiredAnnotationBeanPostProcessor : JSR-330 'javax.inject.Inject' annotation found and supported for autowiring
2016-06-02 17:04:28.495  INFO 44112 --- [    Test worker] trationDelegate$BeanPostProcessorChecker : Bean 'configurationPropertiesRebinderAutoConfiguration' of type [class org.springframework.cloud.autoconfigure.ConfigurationPropertiesRebinderAutoConfiguration$$EnhancerBySpringCGLIB$$c5b351da] is not eligible for getting processed by all BeanPostProcessors (for example: not eligible for auto-proxying)

  .   ____          _            __ _ _
 /\\ / ___'_ __ _ _(_)_ __  __ _ \ \ \ \
( ( )\___ | '_ | '_| | '_ \/ _` | \ \ \ \
 \\/  ___)| |_)| | | | | || (_| |  ) ) ) )
  '  |____| .__|_| |_|_| |_\__, | / / / /
 =========|_|==============|___/=/_/_/_/
 :: Spring Boot ::        (v1.3.5.RELEASE)

2016-06-02 17:04:28.834  INFO 44112 --- [    Test worker] d.h.vslab.EurekaServerApplicationTests   : No active profile set, falling back to default profiles: default
2016-06-02 17:04:28.849  INFO 44112 --- [    Test worker] s.c.a.AnnotationConfigApplicationContext : Refreshing org.springframework.context.annotation.AnnotationConfigApplicationContext@5a10de06: startup date [Thu Jun 02 17:04:28 CEST 2016]; parent: org.springframework.context.annotation.AnnotationConfigApplicationContext@7506d725
2016-06-02 17:04:29.387  WARN 44112 --- [    Test worker] o.s.c.a.ConfigurationClassPostProcessor  : Cannot enhance @Configuration bean definition 'refreshScope' since its singleton instance has been created too early. The typical cause is a non-static @Bean method with a BeanDefinitionRegistryPostProcessor return type: Consider declaring such methods as 'static'.
2016-06-02 17:04:29.465  INFO 44112 --- [    Test worker] o.s.cloud.context.scope.GenericScope     : BeanFactory id=0955b0f4-1f1f-3eff-bfee-5bced0e407f1
2016-06-02 17:04:29.472  INFO 44112 --- [    Test worker] f.a.AutowiredAnnotationBeanPostProcessor : JSR-330 'javax.inject.Inject' annotation found and supported for autowiring
2016-06-02 17:04:29.488  INFO 44112 --- [    Test worker] trationDelegate$BeanPostProcessorChecker : Bean 'org.springframework.cloud.autoconfigure.ConfigurationPropertiesRebinderAutoConfiguration' of type [class org.springframework.cloud.autoconfigure.ConfigurationPropertiesRebinderAutoConfiguration$$EnhancerBySpringCGLIB$$c5b351da] is not eligible for getting processed by all BeanPostProcessors (for example: not eligible for auto-proxying)
2016-06-02 17:04:29.496  INFO 44112 --- [    Test worker] trationDelegate$BeanPostProcessorChecker : Bean 'org.springframework.cloud.autoconfigure.RefreshEndpointAutoConfiguration' of type [class org.springframework.cloud.autoconfigure.RefreshEndpointAutoConfiguration$$EnhancerBySpringCGLIB$$6f1253d0] is not eligible for getting processed by all BeanPostProcessors (for example: not eligible for auto-proxying)
2016-06-02 17:04:30.203  INFO 44112 --- [    Test worker] o.s.ui.freemarker.SpringTemplateLoader   : SpringTemplateLoader for FreeMarker: using resource loader [org.springframework.context.annotation.AnnotationConfigApplicationContext@5a10de06: startup date [Thu Jun 02 17:04:28 CEST 2016]; parent: org.springframework.context.annotation.AnnotationConfigApplicationContext@7506d725] and template loader path [classpath:/templates/]
2016-06-02 17:04:30.300  WARN 44112 --- [    Test worker] o.s.c.n.a.ArchaiusAutoConfiguration      : No spring.application.name found, defaulting to 'application'
2016-06-02 17:04:30.305  WARN 44112 --- [    Test worker] c.n.c.sources.URLConfigurationSource     : No URLs will be polled as dynamic configuration sources.
2016-06-02 17:04:30.306  INFO 44112 --- [    Test worker] c.n.c.sources.URLConfigurationSource     : To enable URLs as dynamic configuration sources, define System property archaius.configurationSource.additionalUrls or make config.properties available on classpath.
2016-06-02 17:04:30.324  WARN 44112 --- [    Test worker] c.n.c.sources.URLConfigurationSource     : No URLs will be polled as dynamic configuration sources.
2016-06-02 17:04:30.325  INFO 44112 --- [    Test worker] c.n.c.sources.URLConfigurationSource     : To enable URLs as dynamic configuration sources, define System property archaius.configurationSource.additionalUrls or make config.properties available on classpath.
2016-06-02 17:04:30.487  INFO 44112 --- [    Test worker] d.h.vslab.EurekaServerApplicationTests   : Started EurekaServerApplicationTests in 2.577 seconds (JVM running for 3.305)
]]></system-out>
  <system-err><![CDATA[]]></system-err>
</testsuite>
